2022-02-03 13:19:51,006 INFO o.a.j.u.JMeterUtils: Setting Locale to en_EN
2022-02-03 13:19:51,028 INFO o.a.j.JMeter: Loading user properties from: C:\Users\zekun.li\Java-Binaries\apache-jmeter-5.4.3\bin\user.properties
2022-02-03 13:19:51,030 INFO o.a.j.JMeter: Loading system properties from: C:\Users\zekun.li\Java-Binaries\apache-jmeter-5.4.3\bin\system.properties
2022-02-03 13:19:51,031 INFO o.a.j.JMeter: Setting JMeter property: jmeter.save.saveservice.output_format=xml
2022-02-03 13:19:51,035 INFO o.a.j.JMeter: Copyright (c) 1998-2021 The Apache Software Foundation
2022-02-03 13:19:51,035 INFO o.a.j.JMeter: Version 5.4.3
2022-02-03 13:19:51,035 INFO o.a.j.JMeter: java.version=17.0.1
2022-02-03 13:19:51,035 INFO o.a.j.JMeter: java.vm.name=OpenJDK 64-Bit Server VM
2022-02-03 13:19:51,035 INFO o.a.j.JMeter: os.name=Windows 10
2022-02-03 13:19:51,035 INFO o.a.j.JMeter: os.arch=amd64
2022-02-03 13:19:51,035 INFO o.a.j.JMeter: os.version=10.0
2022-02-03 13:19:51,035 INFO o.a.j.JMeter: file.encoding=Cp1252
2022-02-03 13:19:51,035 INFO o.a.j.JMeter: java.awt.headless=true
2022-02-03 13:19:51,035 INFO o.a.j.JMeter: Max memory     =1073741824
2022-02-03 13:19:51,035 INFO o.a.j.JMeter: Available Processors =8
2022-02-03 13:19:51,042 INFO o.a.j.JMeter: Default Locale=English (EN)
2022-02-03 13:19:51,042 INFO o.a.j.JMeter: JMeter  Locale=English (EN)
2022-02-03 13:19:51,042 INFO o.a.j.JMeter: JMeterHome=C:\Users\zekun.li\Java-Binaries\apache-jmeter-5.4.3
2022-02-03 13:19:51,042 INFO o.a.j.JMeter: user.dir  =C:\Users\zekun.li\Workspace\JmeterTS\mildTemperGet
2022-02-03 13:19:51,043 INFO o.a.j.JMeter: PWD       =C:\Users\zekun.li\Workspace\JmeterTS\mildTemperGet
2022-02-03 13:19:51,045 INFO o.a.j.JMeter: IP: 10.220.75.146 Name: CA-LG1217G3 FullName: CA-LG1217G3.groupinfra.com
2022-02-03 13:19:51,052 INFO o.a.j.s.FileServer: Default base='C:\Users\zekun.li\Workspace\JmeterTS\mildTemperGet'
2022-02-03 13:19:51,053 INFO o.a.j.s.FileServer: Set new base='C:\Users\zekun.li\Workspace\JmeterTS\mildTemperGet'
2022-02-03 13:19:51,172 INFO o.a.j.s.SaveService: Testplan (JMX) version: 2.2. Testlog (JTL) version: 2.2
2022-02-03 13:19:51,190 INFO o.a.j.s.SaveService: Using SaveService properties version 5.0
2022-02-03 13:19:51,192 INFO o.a.j.s.SaveService: Using SaveService properties file encoding UTF-8
2022-02-03 13:19:51,194 INFO o.a.j.s.SaveService: Loading file: mildTemperGet.jmx
2022-02-03 13:19:51,229 INFO o.a.j.p.h.s.HTTPSamplerBase: Parser for text/html is org.apache.jmeter.protocol.http.parser.LagartoBasedHtmlParser
2022-02-03 13:19:51,229 INFO o.a.j.p.h.s.HTTPSamplerBase: Parser for application/xhtml+xml is org.apache.jmeter.protocol.http.parser.LagartoBasedHtmlParser
2022-02-03 13:19:51,229 INFO o.a.j.p.h.s.HTTPSamplerBase: Parser for application/xml is org.apache.jmeter.protocol.http.parser.LagartoBasedHtmlParser
2022-02-03 13:19:51,229 INFO o.a.j.p.h.s.HTTPSamplerBase: Parser for text/xml is org.apache.jmeter.protocol.http.parser.LagartoBasedHtmlParser
2022-02-03 13:19:51,229 INFO o.a.j.p.h.s.HTTPSamplerBase: Parser for text/vnd.wap.wml is org.apache.jmeter.protocol.http.parser.RegexpHTMLParser
2022-02-03 13:19:51,229 INFO o.a.j.p.h.s.HTTPSamplerBase: Parser for text/css is org.apache.jmeter.protocol.http.parser.CssParser
2022-02-03 13:19:51,246 INFO o.a.j.JMeter: Creating summariser <summary>
2022-02-03 13:19:51,251 INFO o.a.j.e.StandardJMeterEngine: Running the test!
2022-02-03 13:19:51,251 INFO o.a.j.s.SampleEvent: List of sample_variables: []
2022-02-03 13:19:51,252 INFO o.a.j.s.SampleEvent: List of sample_variables: []
2022-02-03 13:19:51,255 INFO o.a.j.e.u.CompoundVariable: Note: Function class names must contain the string: '.functions.'
2022-02-03 13:19:51,256 INFO o.a.j.e.u.CompoundVariable: Note: Function class names must not contain the string: '.gui.'
2022-02-03 13:19:51,306 INFO o.a.j.JMeter: Running test (1643912391306)
2022-02-03 13:19:51,323 INFO o.a.j.e.StandardJMeterEngine: Starting ThreadGroup: 1 : Thread Group
2022-02-03 13:19:51,324 INFO o.a.j.e.StandardJMeterEngine: Starting 10 threads for group Thread Group.
2022-02-03 13:19:51,325 INFO o.a.j.e.StandardJMeterEngine: Thread will continue on error
2022-02-03 13:19:51,325 INFO o.a.j.t.ThreadGroup: Starting thread group... number=1 threads=10 ramp-up=1 delayedStart=false
2022-02-03 13:19:51,332 INFO o.a.j.t.ThreadGroup: Started thread group number 1
2022-02-03 13:19:51,332 INFO o.a.j.e.StandardJMeterEngine: All thread groups have been started
2022-02-03 13:19:51,334 INFO o.a.j.t.JMeterThread: Thread started: Thread Group 1-1
2022-02-03 13:19:51,346 INFO o.a.j.p.h.s.HTTPHCAbstractImpl: Local host = CA-LG1217G3
2022-02-03 13:19:51,351 INFO o.a.j.p.h.s.HTTPHC4Impl: HTTP request retry count = 0
2022-02-03 13:19:51,352 INFO o.a.j.s.SampleResult: Note: Sample TimeStamps are START times
2022-02-03 13:19:51,352 INFO o.a.j.s.SampleResult: sampleresult.default.encoding is set to ISO-8859-1
2022-02-03 13:19:51,352 INFO o.a.j.s.SampleResult: sampleresult.useNanoTime=true
2022-02-03 13:19:51,352 INFO o.a.j.s.SampleResult: sampleresult.nanoThreadSleep=5000
2022-02-03 13:19:51,418 INFO o.a.j.p.h.s.h.LazyLayeredConnectionSocketFactory: Setting up HTTPS TrustAll Socket Factory
2022-02-03 13:19:51,422 INFO o.a.j.u.JsseSSLManager: Using default SSL protocol: TLS
2022-02-03 13:19:51,422 INFO o.a.j.u.JsseSSLManager: SSL session context: per-thread
2022-02-03 13:19:51,433 INFO o.a.j.t.JMeterThread: Thread started: Thread Group 1-2
2022-02-03 13:19:51,510 INFO o.a.j.u.SSLManager: JmeterKeyStore Location:  type JKS
2022-02-03 13:19:51,512 INFO o.a.j.u.SSLManager: KeyStore created OK
2022-02-03 13:19:51,512 WARN o.a.j.u.SSLManager: Keystore file not found, loading empty keystore
2022-02-03 13:19:51,530 INFO o.a.j.t.JMeterThread: Thread started: Thread Group 1-3
2022-02-03 13:19:51,630 INFO o.a.j.t.JMeterThread: Thread started: Thread Group 1-4
2022-02-03 13:19:51,730 INFO o.a.j.t.JMeterThread: Thread started: Thread Group 1-5
2022-02-03 13:19:51,829 INFO o.a.j.t.JMeterThread: Thread started: Thread Group 1-6
2022-02-03 13:19:51,929 INFO o.a.j.t.JMeterThread: Thread started: Thread Group 1-7
2022-02-03 13:19:52,030 INFO o.a.j.t.JMeterThread: Thread started: Thread Group 1-8
2022-02-03 13:19:52,130 INFO o.a.j.t.JMeterThread: Thread started: Thread Group 1-9
2022-02-03 13:19:52,228 INFO o.a.j.t.JMeterThread: Thread started: Thread Group 1-10
2022-02-03 13:19:52,948 INFO o.a.j.t.JMeterThread: Thread is done: Thread Group 1-1
2022-02-03 13:19:52,949 INFO o.a.j.t.JMeterThread: Thread finished: Thread Group 1-1
2022-02-03 13:19:52,979 INFO o.a.j.t.JMeterThread: Thread is done: Thread Group 1-2
2022-02-03 13:19:52,979 INFO o.a.j.t.JMeterThread: Thread finished: Thread Group 1-2
2022-02-03 13:19:53,037 INFO o.a.j.t.JMeterThread: Thread is done: Thread Group 1-3
2022-02-03 13:19:53,037 INFO o.a.j.t.JMeterThread: Thread finished: Thread Group 1-3
2022-02-03 13:19:53,073 INFO o.a.j.t.JMeterThread: Thread is done: Thread Group 1-5
2022-02-03 13:19:53,073 INFO o.a.j.t.JMeterThread: Thread finished: Thread Group 1-5
2022-02-03 13:19:53,100 INFO o.a.j.t.JMeterThread: Thread is done: Thread Group 1-4
2022-02-03 13:19:53,100 INFO o.a.j.t.JMeterThread: Thread finished: Thread Group 1-4
2022-02-03 13:19:53,134 INFO o.a.j.t.JMeterThread: Thread is done: Thread Group 1-6
2022-02-03 13:19:53,134 INFO o.a.j.t.JMeterThread: Thread finished: Thread Group 1-6
2022-02-03 13:19:53,233 INFO o.a.j.t.JMeterThread: Thread is done: Thread Group 1-7
2022-02-03 13:19:53,234 INFO o.a.j.t.JMeterThread: Thread finished: Thread Group 1-7
2022-02-03 13:19:53,302 INFO o.a.j.t.JMeterThread: Thread is done: Thread Group 1-8
2022-02-03 13:19:53,302 INFO o.a.j.t.JMeterThread: Thread finished: Thread Group 1-8
2022-02-03 13:19:53,496 INFO o.a.j.t.JMeterThread: Thread is done: Thread Group 1-9
2022-02-03 13:19:53,496 INFO o.a.j.t.JMeterThread: Thread finished: Thread Group 1-9
2022-02-03 13:19:53,577 INFO o.a.j.t.JMeterThread: Thread is done: Thread Group 1-10
2022-02-03 13:19:53,577 INFO o.a.j.t.JMeterThread: Thread finished: Thread Group 1-10
2022-02-03 13:19:53,577 INFO o.a.j.e.StandardJMeterEngine: Notifying test listeners of end of test
2022-02-03 13:19:53,579 INFO o.a.j.r.Summariser: summary =     50 in 00:00:02 =   22.0/s Avg:   279 Min:   163 Max:   746 Err:     0 (0.00%)
